2024-06-14T11:11:01  docs: clarify usage notes
2024-07-14T18:28:08  test: add edge case
2024-07-20T13:45:15  refactor: tidy internals
2024-08-20T08:02:22  fix: handle empty input gracefully
2024-09-19T15:19:29  perf: micro-optimization
2024-10-20T10:36:36  style: formatting
2024-10-26T17:53:43  chore: bump dev tooling
2024-11-26T12:10:50  docs: expand examples
2024-12-26T19:27:57  test: strengthen coverage
2025-01-26T14:44:04  chore: tune defaults
2025-02-01T09:01:11  refactor: simplify helper
2025-03-04T16:18:18  chore: routine maintenance
2025-04-03T11:35:25  docs: clarify usage notes
2025-05-04T18:52:32  test: add edge case
2025-05-10T13:09:39  refactor: tidy internals
2025-06-10T08:26:46  fix: handle empty input gracefully
2025-07-10T15:43:53  perf: micro-optimization
2025-07-23T10:00:00  style: formatting
2025-08-23T17:17:07  chore: bump dev tooling
2025-09-22T12:34:14  docs: expand examples
2025-10-23T19:51:21  test: strengthen coverage
2025-10-29T14:08:28  chore: tune defaults
2025-11-29T09:25:35  refactor: simplify helper
2025-12-29T16:42:42  chore: routine maintenance
2026-01-29T11:59:49  docs: clarify usage notes
2026-02-04T18:16:56  test: add edge case
2026-03-07T13:33:03  refactor: tidy internals
2026-04-06T08:50:10  fix: handle empty input gracefully
2026-05-07T15:07:17  perf: micro-optimization
2026-05-13T10:24:24  style: formatting
2024-07-14T11:11:01  docs: clarify usage notes
